[2024/05/03 10:22:41] [INFO]: [CONFIG] setting: {'exp_name': 'strl_11th', 'dataset': 'pems04', 'model': 'SpoTMamba', 'in_steps': 12, 'out_steps': 12, 'train_ratio': 60, 'val_ratio': 20, 'seed': 11}
[2024/05/03 10:22:41] [INFO]: [CONFIG] hyperparameter: {'model': {'emb_dim': 32, 'ff_dim': 256, 'num_walks': 2, 'len_walk': 20, 'num_layers': 3, 'dropout': 0.1}, 'training': {'lr_decay_rate': 0.5, 'milestones': [20, 40, 60], 'epochs': 300, 'valid_epoch': 1, 'patience': 20, 'batch_size': 32, 'lr': 0.001, 'weight_decay': 0.001}}
[2024/05/03 10:22:41] [INFO]: [CONFIG] cuda_id: 0
[2024/05/03 10:22:41] [INFO]: [CONFIG] force_retrain: False
[2024/05/03 10:22:41] [INFO]: [CONFIG] exp_num: 0
[2024/05/03 10:22:41] [INFO]: [CONFIG] config_path: ./configs/strl_11th/strl_11th-pems04-60-11-SpoTMamba-0000.json
[2024/05/03 10:27:07] [INFO]: [START] Epoch: 0001 (1/20) / Best Epoch: 0000 / Loss: 33.24201 / Epoch Time: 262.881s / Mean Epoch Time: 262.881s / Elapsed Time: 262.881s / Max GPU Mem: 11.9180 GiB
[2024/05/03 10:27:31] [INFO]: [VALIDATION] <PERFORMANCE> loss: 29.37 / RMSE: 46.30 / MAE: 30.18 / MAPE: 19.74
[2024/05/03 10:27:31] [INFO]: [VALIDATION_BEST] <PERFORMANCE> loss: 29.37 / RMSE: 46.30 / MAE: 30.18 / MAPE: 19.74
[2024/05/03 10:31:52] [INFO]: [TRAIN] Epoch: 0002 (1/20) / Best Epoch: 0001 / Loss: 25.02170 / Epoch Time: 261.307s / Mean Epoch Time: 262.094s / Elapsed Time: 547.801s / Max GPU Mem: 11.9180 GiB
[2024/05/03 10:32:16] [INFO]: [VALIDATION] <PERFORMANCE> loss: 28.43 / RMSE: 45.41 / MAE: 29.26 / MAPE: 18.33
[2024/05/03 10:32:16] [INFO]: [VALIDATION_BEST] <PERFORMANCE> loss: 28.43 / RMSE: 45.41 / MAE: 29.26 / MAPE: 18.33
[2024/05/03 10:36:37] [INFO]: [TRAIN] Epoch: 0003 (1/20) / Best Epoch: 0002 / Loss: 23.27629 / Epoch Time: 261.002s / Mean Epoch Time: 261.730s / Elapsed Time: 832.608s / Max GPU Mem: 11.9180 GiB
[2024/05/03 10:37:00] [INFO]: [VALIDATION] <PERFORMANCE> loss: 27.04 / RMSE: 43.57 / MAE: 27.89 / MAPE: 17.59
[2024/05/03 10:37:00] [INFO]: [VALIDATION_BEST] <PERFORMANCE> loss: 27.04 / RMSE: 43.57 / MAE: 27.89 / MAPE: 17.59
[2024/05/03 10:41:20] [INFO]: [TRAIN] Epoch: 0004 (1/20) / Best Epoch: 0003 / Loss: 22.17166 / Epoch Time: 260.006s / Mean Epoch Time: 261.299s / Elapsed Time: 1116.161s / Max GPU Mem: 11.9180 GiB
[2024/05/03 10:41:44] [INFO]: [VALIDATION] <PERFORMANCE> loss: 25.44 / RMSE: 41.19 / MAE: 26.25 / MAPE: 17.90
[2024/05/03 10:41:44] [INFO]: [VALIDATION_BEST] <PERFORMANCE> loss: 25.44 / RMSE: 41.19 / MAE: 26.25 / MAPE: 17.90
[2024/05/03 10:46:05] [INFO]: [TRAIN] Epoch: 0005 (1/20) / Best Epoch: 0004 / Loss: 21.44326 / Epoch Time: 260.663s / Mean Epoch Time: 261.172s / Elapsed Time: 1400.647s / Max GPU Mem: 11.9180 GiB
[2024/05/03 10:46:28] [INFO]: [VALIDATION] <PERFORMANCE> loss: 23.70 / RMSE: 38.19 / MAE: 24.47 / MAPE: 16.33
[2024/05/03 10:46:28] [INFO]: [VALIDATION_BEST] <PERFORMANCE> loss: 23.70 / RMSE: 38.19 / MAE: 24.47 / MAPE: 16.33
[2024/05/03 10:50:49] [INFO]: [TRAIN] Epoch: 0006 (1/20) / Best Epoch: 0005 / Loss: 20.58394 / Epoch Time: 260.510s / Mean Epoch Time: 261.061s / Elapsed Time: 1684.559s / Max GPU Mem: 11.9180 GiB
[2024/05/03 10:51:13] [INFO]: [VALIDATION] <PERFORMANCE> loss: 21.82 / RMSE: 36.06 / MAE: 22.58 / MAPE: 14.97
[2024/05/03 10:51:13] [INFO]: [VALIDATION_BEST] <PERFORMANCE> loss: 21.82 / RMSE: 36.06 / MAE: 22.58 / MAPE: 14.97
[2024/05/03 10:55:33] [INFO]: [TRAIN] Epoch: 0007 (1/20) / Best Epoch: 0006 / Loss: 20.03333 / Epoch Time: 259.851s / Mean Epoch Time: 260.888s / Elapsed Time: 1969.281s / Max GPU Mem: 11.9180 GiB
[2024/05/03 10:55:57] [INFO]: [VALIDATION] <PERFORMANCE> loss: 22.64 / RMSE: 36.69 / MAE: 23.44 / MAPE: 15.05
[2024/05/03 10:55:57] [INFO]: [VALIDATION_BEST] <PERFORMANCE> loss: 21.82 / RMSE: 36.06 / MAE: 22.58 / MAPE: 14.97
[2024/05/03 11:00:17] [INFO]: [TRAIN] Epoch: 0008 (2/20) / Best Epoch: 0006 / Loss: 19.50650 / Epoch Time: 260.485s / Mean Epoch Time: 260.838s / Elapsed Time: 2253.337s / Max GPU Mem: 11.9180 GiB
[2024/05/03 11:00:41] [INFO]: [VALIDATION] <PERFORMANCE> loss: 22.97 / RMSE: 36.82 / MAE: 23.79 / MAPE: 15.75
[2024/05/03 11:00:41] [INFO]: [VALIDATION_BEST] <PERFORMANCE> loss: 21.82 / RMSE: 36.06 / MAE: 22.58 / MAPE: 14.97
[2024/05/03 11:05:01] [INFO]: [TRAIN] Epoch: 0009 (3/20) / Best Epoch: 0006 / Loss: 19.26735 / Epoch Time: 260.073s / Mean Epoch Time: 260.753s / Elapsed Time: 2536.937s / Max GPU Mem: 11.9180 GiB
[2024/05/03 11:05:25] [INFO]: [VALIDATION] <PERFORMANCE> loss: 21.02 / RMSE: 33.43 / MAE: 21.71 / MAPE: 18.70
[2024/05/03 11:05:25] [INFO]: [VALIDATION_BEST] <PERFORMANCE> loss: 21.82 / RMSE: 36.06 / MAE: 22.58 / MAPE: 14.97
[2024/05/03 11:09:45] [INFO]: [TRAIN] Epoch: 0010 (4/20) / Best Epoch: 0006 / Loss: 19.02646 / Epoch Time: 260.197s / Mean Epoch Time: 260.697s / Elapsed Time: 2820.758s / Max GPU Mem: 11.9180 GiB
[2024/05/03 11:10:09] [INFO]: [VALIDATION] <PERFORMANCE> loss: 20.77 / RMSE: 34.03 / MAE: 21.50 / MAPE: 14.50
[2024/05/03 11:10:09] [INFO]: [VALIDATION_BEST] <PERFORMANCE> loss: 20.77 / RMSE: 34.03 / MAE: 21.50 / MAPE: 14.50
[2024/05/03 11:14:28] [INFO]: [TRAIN] Epoch: 0011 (1/20) / Best Epoch: 0010 / Loss: 18.68822 / Epoch Time: 259.598s / Mean Epoch Time: 260.597s / Elapsed Time: 3104.413s / Max GPU Mem: 11.9180 GiB
[2024/05/03 11:14:52] [INFO]: [VALIDATION] <PERFORMANCE> loss: 20.40 / RMSE: 33.51 / MAE: 21.16 / MAPE: 14.42
[2024/05/03 11:14:52] [INFO]: [VALIDATION_BEST] <PERFORMANCE> loss: 20.40 / RMSE: 33.51 / MAE: 21.16 / MAPE: 14.42
[2024/05/03 11:19:13] [INFO]: [TRAIN] Epoch: 0012 (1/20) / Best Epoch: 0011 / Loss: 18.61333 / Epoch Time: 260.284s / Mean Epoch Time: 260.571s / Elapsed Time: 3388.584s / Max GPU Mem: 11.9180 GiB
[2024/05/03 11:19:36] [INFO]: [VALIDATION] <PERFORMANCE> loss: 19.92 / RMSE: 32.89 / MAE: 20.67 / MAPE: 13.28
[2024/05/03 11:19:36] [INFO]: [VALIDATION_BEST] <PERFORMANCE> loss: 19.92 / RMSE: 32.89 / MAE: 20.67 / MAPE: 13.28
[2024/05/03 11:23:56] [INFO]: [TRAIN] Epoch: 0013 (1/20) / Best Epoch: 0012 / Loss: 18.49750 / Epoch Time: 260.134s / Mean Epoch Time: 260.538s / Elapsed Time: 3672.491s / Max GPU Mem: 11.9180 GiB
[2024/05/03 11:24:20] [INFO]: [VALIDATION] <PERFORMANCE> loss: 19.40 / RMSE: 32.30 / MAE: 20.16 / MAPE: 13.31
[2024/05/03 11:24:20] [INFO]: [VALIDATION_BEST] <PERFORMANCE> loss: 19.40 / RMSE: 32.30 / MAE: 20.16 / MAPE: 13.31
[2024/05/03 11:28:41] [INFO]: [TRAIN] Epoch: 0014 (1/20) / Best Epoch: 0013 / Loss: 18.42999 / Epoch Time: 261.115s / Mean Epoch Time: 260.579s / Elapsed Time: 3957.258s / Max GPU Mem: 11.9180 GiB
[2024/05/03 11:29:05] [INFO]: [VALIDATION] <PERFORMANCE> loss: 19.25 / RMSE: 32.36 / MAE: 20.02 / MAPE: 13.17
[2024/05/03 11:29:05] [INFO]: [VALIDATION_BEST] <PERFORMANCE> loss: 19.25 / RMSE: 32.36 / MAE: 20.02 / MAPE: 13.17
[2024/05/03 11:33:25] [INFO]: [TRAIN] Epoch: 0015 (1/20) / Best Epoch: 0014 / Loss: 18.24934 / Epoch Time: 259.766s / Mean Epoch Time: 260.525s / Elapsed Time: 4240.768s / Max GPU Mem: 11.9180 GiB
[2024/05/03 11:33:49] [INFO]: [VALIDATION] <PERFORMANCE> loss: 19.05 / RMSE: 31.74 / MAE: 19.78 / MAPE: 13.62
[2024/05/03 11:33:49] [INFO]: [VALIDATION_BEST] <PERFORMANCE> loss: 19.25 / RMSE: 32.36 / MAE: 20.02 / MAPE: 13.17
[2024/05/03 11:38:09] [INFO]: [TRAIN] Epoch: 0016 (2/20) / Best Epoch: 0014 / Loss: 18.09773 / Epoch Time: 260.436s / Mean Epoch Time: 260.519s / Elapsed Time: 4525.042s / Max GPU Mem: 11.9180 GiB
[2024/05/03 11:38:33] [INFO]: [VALIDATION] <PERFORMANCE> loss: 19.32 / RMSE: 32.27 / MAE: 20.10 / MAPE: 13.10
[2024/05/03 11:38:33] [INFO]: [VALIDATION_BEST] <PERFORMANCE> loss: 19.32 / RMSE: 32.27 / MAE: 20.10 / MAPE: 13.10
[2024/05/03 11:42:54] [INFO]: [TRAIN] Epoch: 0017 (1/20) / Best Epoch: 0016 / Loss: 18.06576 / Epoch Time: 260.922s / Mean Epoch Time: 260.543s / Elapsed Time: 4809.714s / Max GPU Mem: 11.9180 GiB
[2024/05/03 11:43:17] [INFO]: [VALIDATION] <PERFORMANCE> loss: 19.84 / RMSE: 32.44 / MAE: 20.59 / MAPE: 13.60
[2024/05/03 11:43:17] [INFO]: [VALIDATION_BEST] <PERFORMANCE> loss: 19.32 / RMSE: 32.27 / MAE: 20.10 / MAPE: 13.10
[2024/05/03 11:47:37] [INFO]: [TRAIN] Epoch: 0018 (2/20) / Best Epoch: 0016 / Loss: 18.00304 / Epoch Time: 260.230s / Mean Epoch Time: 260.525s / Elapsed Time: 5093.485s / Max GPU Mem: 11.9180 GiB
[2024/05/03 11:48:02] [INFO]: [VALIDATION] <PERFORMANCE> loss: 18.86 / RMSE: 31.32 / MAE: 19.60 / MAPE: 13.13
[2024/05/03 11:48:02] [INFO]: [VALIDATION_BEST] <PERFORMANCE> loss: 18.86 / RMSE: 31.32 / MAE: 19.60 / MAPE: 13.13
[2024/05/03 11:52:22] [INFO]: [TRAIN] Epoch: 0019 (1/20) / Best Epoch: 0018 / Loss: 17.83627 / Epoch Time: 260.220s / Mean Epoch Time: 260.509s / Elapsed Time: 5377.838s / Max GPU Mem: 11.9180 GiB
[2024/05/03 11:52:45] [INFO]: [VALIDATION] <PERFORMANCE> loss: 19.96 / RMSE: 31.79 / MAE: 20.69 / MAPE: 15.63
[2024/05/03 11:52:45] [INFO]: [VALIDATION_BEST] <PERFORMANCE> loss: 18.86 / RMSE: 31.32 / MAE: 19.60 / MAPE: 13.13
[2024/05/03 11:57:05] [INFO]: [TRAIN] Epoch: 0020 (2/20) / Best Epoch: 0018 / Loss: 18.05778 / Epoch Time: 259.635s / Mean Epoch Time: 260.466s / Elapsed Time: 5660.875s / Max GPU Mem: 11.9180 GiB
[2024/05/03 11:57:30] [INFO]: [VALIDATION] <PERFORMANCE> loss: 19.41 / RMSE: 31.98 / MAE: 20.16 / MAPE: 14.60
[2024/05/03 11:57:30] [INFO]: [VALIDATION_BEST] <PERFORMANCE> loss: 18.86 / RMSE: 31.32 / MAE: 19.60 / MAPE: 13.13
[2024/05/03 12:01:49] [INFO]: [TRAIN] Epoch: 0021 (3/20) / Best Epoch: 0018 / Loss: 17.36600 / Epoch Time: 259.478s / Mean Epoch Time: 260.419s / Elapsed Time: 5945.086s / Max GPU Mem: 11.9180 GiB
[2024/05/03 12:02:13] [INFO]: [VALIDATION] <PERFORMANCE> loss: 18.53 / RMSE: 31.11 / MAE: 19.29 / MAPE: 12.46
[2024/05/03 12:02:13] [INFO]: [VALIDATION_BEST] <PERFORMANCE> loss: 18.53 / RMSE: 31.11 / MAE: 19.29 / MAPE: 12.46
[2024/05/03 12:06:33] [INFO]: [TRAIN] Epoch: 0022 (1/20) / Best Epoch: 0021 / Loss: 17.26911 / Epoch Time: 259.782s / Mean Epoch Time: 260.390s / Elapsed Time: 6228.947s / Max GPU Mem: 11.9180 GiB
[2024/05/03 12:06:57] [INFO]: [VALIDATION] <PERFORMANCE> loss: 18.11 / RMSE: 30.56 / MAE: 18.87 / MAPE: 12.49
[2024/05/03 12:06:57] [INFO]: [VALIDATION_BEST] <PERFORMANCE> loss: 18.11 / RMSE: 30.56 / MAE: 18.87 / MAPE: 12.49
[2024/05/03 12:11:17] [INFO]: [TRAIN] Epoch: 0023 (1/20) / Best Epoch: 0022 / Loss: 17.24219 / Epoch Time: 260.058s / Mean Epoch Time: 260.375s / Elapsed Time: 6512.603s / Max GPU Mem: 11.9180 GiB
[2024/05/03 12:11:40] [INFO]: [VALIDATION] <PERFORMANCE> loss: 18.69 / RMSE: 31.37 / MAE: 19.46 / MAPE: 12.84
[2024/05/03 12:11:40] [INFO]: [VALIDATION_BEST] <PERFORMANCE> loss: 18.11 / RMSE: 30.56 / MAE: 18.87 / MAPE: 12.49
[2024/05/03 12:16:00] [INFO]: [TRAIN] Epoch: 0024 (2/20) / Best Epoch: 0022 / Loss: 17.25282 / Epoch Time: 259.790s / Mean Epoch Time: 260.351s / Elapsed Time: 6795.687s / Max GPU Mem: 11.9180 GiB
[2024/05/03 12:16:24] [INFO]: [VALIDATION] <PERFORMANCE> loss: 18.18 / RMSE: 30.71 / MAE: 18.95 / MAPE: 12.14
[2024/05/03 12:16:24] [INFO]: [VALIDATION_BEST] <PERFORMANCE> loss: 18.18 / RMSE: 30.71 / MAE: 18.95 / MAPE: 12.14
[2024/05/03 12:20:44] [INFO]: [TRAIN] Epoch: 0025 (1/20) / Best Epoch: 0024 / Loss: 17.22473 / Epoch Time: 260.025s / Mean Epoch Time: 260.338s / Elapsed Time: 7080.051s / Max GPU Mem: 11.9180 GiB
[2024/05/03 12:21:08] [INFO]: [VALIDATION] <PERFORMANCE> loss: 18.22 / RMSE: 30.63 / MAE: 18.95 / MAPE: 12.65
[2024/05/03 12:21:08] [INFO]: [VALIDATION_BEST] <PERFORMANCE> loss: 18.18 / RMSE: 30.71 / MAE: 18.95 / MAPE: 12.14
[2024/05/03 12:25:28] [INFO]: [TRAIN] Epoch: 0026 (2/20) / Best Epoch: 0024 / Loss: 17.16104 / Epoch Time: 259.541s / Mean Epoch Time: 260.307s / Elapsed Time: 7363.608s / Max GPU Mem: 11.9180 GiB
[2024/05/03 12:25:51] [INFO]: [VALIDATION] <PERFORMANCE> loss: 18.33 / RMSE: 30.70 / MAE: 19.07 / MAPE: 12.40
[2024/05/03 12:25:51] [INFO]: [VALIDATION_BEST] <PERFORMANCE> loss: 18.18 / RMSE: 30.71 / MAE: 18.95 / MAPE: 12.14
[2024/05/03 12:30:11] [INFO]: [TRAIN] Epoch: 0027 (3/20) / Best Epoch: 0024 / Loss: 17.11255 / Epoch Time: 260.222s / Mean Epoch Time: 260.304s / Elapsed Time: 7647.058s / Max GPU Mem: 11.9180 GiB
[2024/05/03 12:30:34] [INFO]: [VALIDATION] <PERFORMANCE> loss: 18.15 / RMSE: 30.60 / MAE: 18.89 / MAPE: 12.50
[2024/05/03 12:30:34] [INFO]: [VALIDATION_BEST] <PERFORMANCE> loss: 18.18 / RMSE: 30.71 / MAE: 18.95 / MAPE: 12.14
[2024/05/03 12:34:54] [INFO]: [TRAIN] Epoch: 0028 (4/20) / Best Epoch: 0024 / Loss: 17.12919 / Epoch Time: 259.567s / Mean Epoch Time: 260.278s / Elapsed Time: 7929.866s / Max GPU Mem: 11.9180 GiB
[2024/05/03 12:35:17] [INFO]: [VALIDATION] <PERFORMANCE> loss: 18.22 / RMSE: 30.71 / MAE: 18.98 / MAPE: 12.20
[2024/05/03 12:35:17] [INFO]: [VALIDATION_BEST] <PERFORMANCE> loss: 18.18 / RMSE: 30.71 / MAE: 18.95 / MAPE: 12.14
[2024/05/03 12:39:37] [INFO]: [TRAIN] Epoch: 0029 (5/20) / Best Epoch: 0024 / Loss: 17.09173 / Epoch Time: 259.572s / Mean Epoch Time: 260.253s / Elapsed Time: 8212.991s / Max GPU Mem: 11.9180 GiB
[2024/05/03 12:40:00] [INFO]: [VALIDATION] <PERFORMANCE> loss: 18.05 / RMSE: 30.57 / MAE: 18.78 / MAPE: 12.54
[2024/05/03 12:40:00] [INFO]: [VALIDATION_BEST] <PERFORMANCE> loss: 18.18 / RMSE: 30.71 / MAE: 18.95 / MAPE: 12.14
[2024/05/03 12:44:18] [INFO]: [TRAIN] Epoch: 0030 (6/20) / Best Epoch: 0024 / Loss: 17.03049 / Epoch Time: 258.077s / Mean Epoch Time: 260.181s / Elapsed Time: 8494.217s / Max GPU Mem: 11.9180 GiB
[2024/05/03 12:44:42] [INFO]: [VALIDATION] <PERFORMANCE> loss: 18.06 / RMSE: 30.75 / MAE: 18.80 / MAPE: 12.16
[2024/05/03 12:44:42] [INFO]: [VALIDATION_BEST] <PERFORMANCE> loss: 18.06 / RMSE: 30.75 / MAE: 18.80 / MAPE: 12.16
[2024/05/03 12:49:01] [INFO]: [TRAIN] Epoch: 0031 (1/20) / Best Epoch: 0030 / Loss: 17.00409 / Epoch Time: 258.730s / Mean Epoch Time: 260.134s / Elapsed Time: 8776.858s / Max GPU Mem: 11.9180 GiB
[2024/05/03 12:49:25] [INFO]: [VALIDATION] <PERFORMANCE> loss: 18.01 / RMSE: 30.65 / MAE: 18.77 / MAPE: 12.04
[2024/05/03 12:49:25] [INFO]: [VALIDATION_BEST] <PERFORMANCE> loss: 18.01 / RMSE: 30.65 / MAE: 18.77 / MAPE: 12.04
[2024/05/03 12:53:43] [INFO]: [TRAIN] Epoch: 0032 (1/20) / Best Epoch: 0031 / Loss: 16.94572 / Epoch Time: 257.829s / Mean Epoch Time: 260.062s / Elapsed Time: 9058.697s / Max GPU Mem: 11.9180 GiB
[2024/05/03 12:54:07] [INFO]: [VALIDATION] <PERFORMANCE> loss: 17.95 / RMSE: 30.41 / MAE: 18.69 / MAPE: 12.31
[2024/05/03 12:54:07] [INFO]: [VALIDATION_BEST] <PERFORMANCE> loss: 18.01 / RMSE: 30.65 / MAE: 18.77 / MAPE: 12.04
[2024/05/03 12:58:25] [INFO]: [TRAIN] Epoch: 0033 (2/20) / Best Epoch: 0031 / Loss: 16.94789 / Epoch Time: 258.523s / Mean Epoch Time: 260.015s / Elapsed Time: 9341.229s / Max GPU Mem: 11.9180 GiB
[2024/05/03 12:58:49] [INFO]: [VALIDATION] <PERFORMANCE> loss: 18.04 / RMSE: 30.76 / MAE: 18.80 / MAPE: 12.06
[2024/05/03 12:58:49] [INFO]: [VALIDATION_BEST] <PERFORMANCE> loss: 18.01 / RMSE: 30.65 / MAE: 18.77 / MAPE: 12.04
[2024/05/03 13:03:06] [INFO]: [TRAIN] Epoch: 0034 (3/20) / Best Epoch: 0031 / Loss: 16.90191 / Epoch Time: 257.661s / Mean Epoch Time: 259.946s / Elapsed Time: 9622.430s / Max GPU Mem: 11.9180 GiB
[2024/05/03 13:03:30] [INFO]: [VALIDATION] <PERFORMANCE> loss: 17.96 / RMSE: 30.53 / MAE: 18.70 / MAPE: 12.63
[2024/05/03 13:03:30] [INFO]: [VALIDATION_BEST] <PERFORMANCE> loss: 18.01 / RMSE: 30.65 / MAE: 18.77 / MAPE: 12.04
[2024/05/03 13:07:48] [INFO]: [TRAIN] Epoch: 0035 (4/20) / Best Epoch: 0031 / Loss: 16.92674 / Epoch Time: 258.509s / Mean Epoch Time: 259.905s / Elapsed Time: 9904.278s / Max GPU Mem: 11.9180 GiB
[2024/05/03 13:08:12] [INFO]: [VALIDATION] <PERFORMANCE> loss: 18.32 / RMSE: 30.86 / MAE: 19.08 / MAPE: 12.10
[2024/05/03 13:08:12] [INFO]: [VALIDATION_BEST] <PERFORMANCE> loss: 18.01 / RMSE: 30.65 / MAE: 18.77 / MAPE: 12.04
[2024/05/03 13:12:31] [INFO]: [TRAIN] Epoch: 0036 (5/20) / Best Epoch: 0031 / Loss: 16.84870 / Epoch Time: 258.618s / Mean Epoch Time: 259.869s / Elapsed Time: 10186.664s / Max GPU Mem: 11.9180 GiB
[2024/05/03 13:12:55] [INFO]: [VALIDATION] <PERFORMANCE> loss: 17.86 / RMSE: 30.57 / MAE: 18.60 / MAPE: 12.10
[2024/05/03 13:12:55] [INFO]: [VALIDATION_BEST] <PERFORMANCE> loss: 17.86 / RMSE: 30.57 / MAE: 18.60 / MAPE: 12.10
[2024/05/03 13:17:13] [INFO]: [TRAIN] Epoch: 0037 (1/20) / Best Epoch: 0036 / Loss: 16.80790 / Epoch Time: 258.533s / Mean Epoch Time: 259.833s / Elapsed Time: 10469.038s / Max GPU Mem: 11.9180 GiB
[2024/05/03 13:17:37] [INFO]: [VALIDATION] <PERFORMANCE> loss: 18.29 / RMSE: 30.82 / MAE: 19.03 / MAPE: 12.71
[2024/05/03 13:17:37] [INFO]: [VALIDATION_BEST] <PERFORMANCE> loss: 17.86 / RMSE: 30.57 / MAE: 18.60 / MAPE: 12.10
[2024/05/03 13:21:54] [INFO]: [TRAIN] Epoch: 0038 (2/20) / Best Epoch: 0036 / Loss: 16.78329 / Epoch Time: 257.566s / Mean Epoch Time: 259.774s / Elapsed Time: 10750.329s / Max GPU Mem: 11.9180 GiB
[2024/05/03 13:22:18] [INFO]: [VALIDATION] <PERFORMANCE> loss: 18.31 / RMSE: 31.02 / MAE: 19.09 / MAPE: 12.00
[2024/05/03 13:22:18] [INFO]: [VALIDATION_BEST] <PERFORMANCE> loss: 17.86 / RMSE: 30.57 / MAE: 18.60 / MAPE: 12.10
[2024/05/03 13:26:36] [INFO]: [TRAIN] Epoch: 0039 (3/20) / Best Epoch: 0036 / Loss: 16.79058 / Epoch Time: 257.323s / Mean Epoch Time: 259.711s / Elapsed Time: 11031.605s / Max GPU Mem: 11.9180 GiB
[2024/05/03 13:26:59] [INFO]: [VALIDATION] <PERFORMANCE> loss: 17.95 / RMSE: 30.85 / MAE: 18.69 / MAPE: 12.12
[2024/05/03 13:26:59] [INFO]: [VALIDATION_BEST] <PERFORMANCE> loss: 17.86 / RMSE: 30.57 / MAE: 18.60 / MAPE: 12.10
[2024/05/03 13:31:18] [INFO]: [TRAIN] Epoch: 0040 (4/20) / Best Epoch: 0036 / Loss: 16.77152 / Epoch Time: 258.446s / Mean Epoch Time: 259.679s / Elapsed Time: 11313.678s / Max GPU Mem: 11.9180 GiB
[2024/05/03 13:31:41] [INFO]: [VALIDATION] <PERFORMANCE> loss: 17.99 / RMSE: 30.63 / MAE: 18.72 / MAPE: 12.17
[2024/05/03 13:31:41] [INFO]: [VALIDATION_BEST] <PERFORMANCE> loss: 17.86 / RMSE: 30.57 / MAE: 18.60 / MAPE: 12.10
[2024/05/03 13:35:59] [INFO]: [TRAIN] Epoch: 0041 (5/20) / Best Epoch: 0036 / Loss: 16.47952 / Epoch Time: 257.731s / Mean Epoch Time: 259.632s / Elapsed Time: 11594.990s / Max GPU Mem: 11.9180 GiB
[2024/05/03 13:36:23] [INFO]: [VALIDATION] <PERFORMANCE> loss: 17.81 / RMSE: 30.53 / MAE: 18.56 / MAPE: 11.78
[2024/05/03 13:36:23] [INFO]: [VALIDATION_BEST] <PERFORMANCE> loss: 17.81 / RMSE: 30.53 / MAE: 18.56 / MAPE: 11.78
[2024/05/03 13:40:42] [INFO]: [TRAIN] Epoch: 0042 (1/20) / Best Epoch: 0041 / Loss: 16.44266 / Epoch Time: 258.766s / Mean Epoch Time: 259.611s / Elapsed Time: 11877.575s / Max GPU Mem: 11.9180 GiB
[2024/05/03 13:41:05] [INFO]: [VALIDATION] <PERFORMANCE> loss: 17.74 / RMSE: 30.48 / MAE: 18.47 / MAPE: 11.84
[2024/05/03 13:41:05] [INFO]: [VALIDATION_BEST] <PERFORMANCE> loss: 17.74 / RMSE: 30.48 / MAE: 18.47 / MAPE: 11.84
[2024/05/03 13:45:22] [INFO]: [TRAIN] Epoch: 0043 (1/20) / Best Epoch: 0042 / Loss: 16.44282 / Epoch Time: 257.228s / Mean Epoch Time: 259.556s / Elapsed Time: 12158.313s / Max GPU Mem: 11.9180 GiB
[2024/05/03 13:45:46] [INFO]: [VALIDATION] <PERFORMANCE> loss: 17.77 / RMSE: 30.44 / MAE: 18.50 / MAPE: 11.86
[2024/05/03 13:45:46] [INFO]: [VALIDATION_BEST] <PERFORMANCE> loss: 17.74 / RMSE: 30.48 / MAE: 18.47 / MAPE: 11.84
[2024/05/03 13:50:04] [INFO]: [TRAIN] Epoch: 0044 (2/20) / Best Epoch: 0042 / Loss: 16.43032 / Epoch Time: 257.693s / Mean Epoch Time: 259.513s / Elapsed Time: 12439.610s / Max GPU Mem: 11.9180 GiB
[2024/05/03 13:50:27] [INFO]: [VALIDATION] <PERFORMANCE> loss: 17.74 / RMSE: 30.43 / MAE: 18.47 / MAPE: 11.86
[2024/05/03 13:50:27] [INFO]: [VALIDATION_BEST] <PERFORMANCE> loss: 17.74 / RMSE: 30.43 / MAE: 18.47 / MAPE: 11.86
[2024/05/03 13:54:46] [INFO]: [TRAIN] Epoch: 0045 (1/20) / Best Epoch: 0044 / Loss: 16.43031 / Epoch Time: 258.681s / Mean Epoch Time: 259.495s / Elapsed Time: 12721.741s / Max GPU Mem: 11.9180 GiB
[2024/05/03 13:55:09] [INFO]: [VALIDATION] <PERFORMANCE> loss: 17.62 / RMSE: 30.36 / MAE: 18.34 / MAPE: 11.91
[2024/05/03 13:55:09] [INFO]: [VALIDATION_BEST] <PERFORMANCE> loss: 17.62 / RMSE: 30.36 / MAE: 18.34 / MAPE: 11.91
[2024/05/03 13:59:27] [INFO]: [TRAIN] Epoch: 0046 (1/20) / Best Epoch: 0045 / Loss: 16.39260 / Epoch Time: 258.348s / Mean Epoch Time: 259.470s / Elapsed Time: 13003.490s / Max GPU Mem: 11.9180 GiB
[2024/05/03 13:59:51] [INFO]: [VALIDATION] <PERFORMANCE> loss: 17.88 / RMSE: 30.63 / MAE: 18.61 / MAPE: 11.87
[2024/05/03 13:59:51] [INFO]: [VALIDATION_BEST] <PERFORMANCE> loss: 17.62 / RMSE: 30.36 / MAE: 18.34 / MAPE: 11.91
[2024/05/03 14:04:08] [INFO]: [TRAIN] Epoch: 0047 (2/20) / Best Epoch: 0045 / Loss: 16.38023 / Epoch Time: 257.351s / Mean Epoch Time: 259.425s / Elapsed Time: 13284.370s / Max GPU Mem: 11.9180 GiB
[2024/05/03 14:04:32] [INFO]: [VALIDATION] <PERFORMANCE> loss: 17.78 / RMSE: 30.51 / MAE: 18.52 / MAPE: 11.83
[2024/05/03 14:04:32] [INFO]: [VALIDATION_BEST] <PERFORMANCE> loss: 17.62 / RMSE: 30.36 / MAE: 18.34 / MAPE: 11.91
[2024/05/03 14:08:49] [INFO]: [TRAIN] Epoch: 0048 (3/20) / Best Epoch: 0045 / Loss: 16.35497 / Epoch Time: 257.303s / Mean Epoch Time: 259.381s / Elapsed Time: 13564.993s / Max GPU Mem: 11.9180 GiB
[2024/05/03 14:09:12] [INFO]: [VALIDATION] <PERFORMANCE> loss: 17.85 / RMSE: 30.62 / MAE: 18.59 / MAPE: 11.74
[2024/05/03 14:09:12] [INFO]: [VALIDATION_BEST] <PERFORMANCE> loss: 17.62 / RMSE: 30.36 / MAE: 18.34 / MAPE: 11.91
[2024/05/03 14:13:30] [INFO]: [TRAIN] Epoch: 0049 (4/20) / Best Epoch: 0045 / Loss: 16.32886 / Epoch Time: 258.229s / Mean Epoch Time: 259.357s / Elapsed Time: 13846.232s / Max GPU Mem: 11.9180 GiB
[2024/05/03 14:13:54] [INFO]: [VALIDATION] <PERFORMANCE> loss: 18.02 / RMSE: 30.78 / MAE: 18.76 / MAPE: 11.91
[2024/05/03 14:13:54] [INFO]: [VALIDATION_BEST] <PERFORMANCE> loss: 17.62 / RMSE: 30.36 / MAE: 18.34 / MAPE: 11.91
[2024/05/03 14:18:11] [INFO]: [TRAIN] Epoch: 0050 (5/20) / Best Epoch: 0045 / Loss: 16.35289 / Epoch Time: 257.426s / Mean Epoch Time: 259.318s / Elapsed Time: 14126.998s / Max GPU Mem: 11.9180 GiB
[2024/05/03 14:18:35] [INFO]: [VALIDATION] <PERFORMANCE> loss: 17.75 / RMSE: 30.53 / MAE: 18.47 / MAPE: 11.84
[2024/05/03 14:18:35] [INFO]: [VALIDATION_BEST] <PERFORMANCE> loss: 17.62 / RMSE: 30.36 / MAE: 18.34 / MAPE: 11.91
[2024/05/03 14:22:52] [INFO]: [TRAIN] Epoch: 0051 (6/20) / Best Epoch: 0045 / Loss: 16.30732 / Epoch Time: 257.676s / Mean Epoch Time: 259.286s / Elapsed Time: 14408.231s / Max GPU Mem: 11.9180 GiB
[2024/05/03 14:23:17] [INFO]: [VALIDATION] <PERFORMANCE> loss: 17.64 / RMSE: 30.49 / MAE: 18.35 / MAPE: 11.75
[2024/05/03 14:23:17] [INFO]: [VALIDATION_BEST] <PERFORMANCE> loss: 17.64 / RMSE: 30.49 / MAE: 18.35 / MAPE: 11.75
[2024/05/03 14:27:35] [INFO]: [TRAIN] Epoch: 0052 (1/20) / Best Epoch: 0051 / Loss: 16.28317 / Epoch Time: 258.075s / Mean Epoch Time: 259.263s / Elapsed Time: 14690.974s / Max GPU Mem: 11.9180 GiB
[2024/05/03 14:27:59] [INFO]: [VALIDATION] <PERFORMANCE> loss: 17.78 / RMSE: 30.57 / MAE: 18.51 / MAPE: 11.85
[2024/05/03 14:27:59] [INFO]: [VALIDATION_BEST] <PERFORMANCE> loss: 17.64 / RMSE: 30.49 / MAE: 18.35 / MAPE: 11.75
[2024/05/03 14:32:17] [INFO]: [TRAIN] Epoch: 0053 (2/20) / Best Epoch: 0051 / Loss: 16.28317 / Epoch Time: 258.119s / Mean Epoch Time: 259.241s / Elapsed Time: 14972.766s / Max GPU Mem: 11.9180 GiB
[2024/05/03 14:32:40] [INFO]: [VALIDATION] <PERFORMANCE> loss: 17.78 / RMSE: 30.53 / MAE: 18.50 / MAPE: 11.76
[2024/05/03 14:32:40] [INFO]: [VALIDATION_BEST] <PERFORMANCE> loss: 17.64 / RMSE: 30.49 / MAE: 18.35 / MAPE: 11.75
[2024/05/03 14:36:59] [INFO]: [TRAIN] Epoch: 0054 (3/20) / Best Epoch: 0051 / Loss: 16.26651 / Epoch Time: 258.564s / Mean Epoch Time: 259.229s / Elapsed Time: 15254.623s / Max GPU Mem: 11.9180 GiB
[2024/05/03 14:37:22] [INFO]: [VALIDATION] <PERFORMANCE> loss: 17.87 / RMSE: 30.74 / MAE: 18.60 / MAPE: 11.75
[2024/05/03 14:37:22] [INFO]: [VALIDATION_BEST] <PERFORMANCE> loss: 17.64 / RMSE: 30.49 / MAE: 18.35 / MAPE: 11.75
[2024/05/03 14:41:41] [INFO]: [TRAIN] Epoch: 0055 (4/20) / Best Epoch: 0051 / Loss: 16.25781 / Epoch Time: 258.374s / Mean Epoch Time: 259.213s / Elapsed Time: 15536.512s / Max GPU Mem: 11.9180 GiB
[2024/05/03 14:42:04] [INFO]: [VALIDATION] <PERFORMANCE> loss: 17.90 / RMSE: 30.70 / MAE: 18.64 / MAPE: 12.26
[2024/05/03 14:42:04] [INFO]: [VALIDATION_BEST] <PERFORMANCE> loss: 17.64 / RMSE: 30.49 / MAE: 18.35 / MAPE: 11.75
[2024/05/03 14:46:21] [INFO]: [TRAIN] Epoch: 0056 (5/20) / Best Epoch: 0051 / Loss: 16.22438 / Epoch Time: 257.826s / Mean Epoch Time: 259.189s / Elapsed Time: 15817.409s / Max GPU Mem: 11.9180 GiB
[2024/05/03 14:46:45] [INFO]: [VALIDATION] <PERFORMANCE> loss: 17.69 / RMSE: 30.55 / MAE: 18.42 / MAPE: 11.73
[2024/05/03 14:46:45] [INFO]: [VALIDATION_BEST] <PERFORMANCE> loss: 17.64 / RMSE: 30.49 / MAE: 18.35 / MAPE: 11.75
[2024/05/03 14:51:02] [INFO]: [TRAIN] Epoch: 0057 (6/20) / Best Epoch: 0051 / Loss: 16.22235 / Epoch Time: 257.504s / Mean Epoch Time: 259.159s / Elapsed Time: 16098.487s / Max GPU Mem: 11.9180 GiB
[2024/05/03 14:51:26] [INFO]: [VALIDATION] <PERFORMANCE> loss: 17.68 / RMSE: 30.54 / MAE: 18.39 / MAPE: 11.76
[2024/05/03 14:51:26] [INFO]: [VALIDATION_BEST] <PERFORMANCE> loss: 17.64 / RMSE: 30.49 / MAE: 18.35 / MAPE: 11.75
[2024/05/03 14:55:44] [INFO]: [TRAIN] Epoch: 0058 (7/20) / Best Epoch: 0051 / Loss: 16.19253 / Epoch Time: 257.863s / Mean Epoch Time: 259.137s / Elapsed Time: 16379.637s / Max GPU Mem: 11.9180 GiB
[2024/05/03 14:56:07] [INFO]: [VALIDATION] <PERFORMANCE> loss: 17.90 / RMSE: 30.77 / MAE: 18.62 / MAPE: 12.01
[2024/05/03 14:56:07] [INFO]: [VALIDATION_BEST] <PERFORMANCE> loss: 17.64 / RMSE: 30.49 / MAE: 18.35 / MAPE: 11.75
[2024/05/03 15:00:25] [INFO]: [TRAIN] Epoch: 0059 (8/20) / Best Epoch: 0051 / Loss: 16.19221 / Epoch Time: 257.820s / Mean Epoch Time: 259.114s / Elapsed Time: 16660.619s / Max GPU Mem: 11.9180 GiB
[2024/05/03 15:00:48] [INFO]: [VALIDATION] <PERFORMANCE> loss: 17.66 / RMSE: 30.57 / MAE: 18.38 / MAPE: 11.76
[2024/05/03 15:00:48] [INFO]: [VALIDATION_BEST] <PERFORMANCE> loss: 17.64 / RMSE: 30.49 / MAE: 18.35 / MAPE: 11.75
[2024/05/03 15:05:05] [INFO]: [TRAIN] Epoch: 0060 (9/20) / Best Epoch: 0051 / Loss: 16.20585 / Epoch Time: 257.297s / Mean Epoch Time: 259.084s / Elapsed Time: 16941.071s / Max GPU Mem: 11.9180 GiB
[2024/05/03 15:05:28] [INFO]: [VALIDATION] <PERFORMANCE> loss: 17.87 / RMSE: 30.75 / MAE: 18.61 / MAPE: 11.81
[2024/05/03 15:05:28] [INFO]: [VALIDATION_BEST] <PERFORMANCE> loss: 17.64 / RMSE: 30.49 / MAE: 18.35 / MAPE: 11.75
[2024/05/03 15:09:45] [INFO]: [TRAIN] Epoch: 0061 (10/20) / Best Epoch: 0051 / Loss: 16.03968 / Epoch Time: 256.579s / Mean Epoch Time: 259.043s / Elapsed Time: 17220.550s / Max GPU Mem: 11.9180 GiB
[2024/05/03 15:10:08] [INFO]: [VALIDATION] <PERFORMANCE> loss: 17.70 / RMSE: 30.65 / MAE: 18.42 / MAPE: 11.74
[2024/05/03 15:10:08] [INFO]: [VALIDATION_BEST] <PERFORMANCE> loss: 17.64 / RMSE: 30.49 / MAE: 18.35 / MAPE: 11.75
[2024/05/03 15:14:26] [INFO]: [TRAIN] Epoch: 0062 (11/20) / Best Epoch: 0051 / Loss: 16.02009 / Epoch Time: 257.809s / Mean Epoch Time: 259.023s / Elapsed Time: 17501.594s / Max GPU Mem: 11.9180 GiB
[2024/05/03 15:14:49] [INFO]: [VALIDATION] <PERFORMANCE> loss: 17.72 / RMSE: 30.65 / MAE: 18.43 / MAPE: 11.74
[2024/05/03 15:14:49] [INFO]: [VALIDATION_BEST] <PERFORMANCE> loss: 17.64 / RMSE: 30.49 / MAE: 18.35 / MAPE: 11.75
[2024/05/03 15:19:06] [INFO]: [TRAIN] Epoch: 0063 (12/20) / Best Epoch: 0051 / Loss: 15.99006 / Epoch Time: 257.398s / Mean Epoch Time: 258.997s / Elapsed Time: 17782.097s / Max GPU Mem: 11.9180 GiB
[2024/05/03 15:19:30] [INFO]: [VALIDATION] <PERFORMANCE> loss: 17.60 / RMSE: 30.56 / MAE: 18.32 / MAPE: 11.68
[2024/05/03 15:19:30] [INFO]: [VALIDATION_BEST] <PERFORMANCE> loss: 17.60 / RMSE: 30.56 / MAE: 18.32 / MAPE: 11.68
[2024/05/03 15:23:47] [INFO]: [TRAIN] Epoch: 0064 (1/20) / Best Epoch: 0063 / Loss: 15.98645 / Epoch Time: 257.177s / Mean Epoch Time: 258.969s / Elapsed Time: 18062.774s / Max GPU Mem: 11.9180 GiB
[2024/05/03 15:24:10] [INFO]: [VALIDATION] <PERFORMANCE> loss: 17.63 / RMSE: 30.64 / MAE: 18.34 / MAPE: 11.68
[2024/05/03 15:24:10] [INFO]: [VALIDATION_BEST] <PERFORMANCE> loss: 17.60 / RMSE: 30.56 / MAE: 18.32 / MAPE: 11.68
[2024/05/03 15:28:27] [INFO]: [TRAIN] Epoch: 0065 (2/20) / Best Epoch: 0063 / Loss: 15.97689 / Epoch Time: 257.589s / Mean Epoch Time: 258.948s / Elapsed Time: 18343.361s / Max GPU Mem: 11.9180 GiB
[2024/05/03 15:28:51] [INFO]: [VALIDATION] <PERFORMANCE> loss: 17.81 / RMSE: 30.82 / MAE: 18.53 / MAPE: 11.66
[2024/05/03 15:28:51] [INFO]: [VALIDATION_BEST] <PERFORMANCE> loss: 17.60 / RMSE: 30.56 / MAE: 18.32 / MAPE: 11.68
[2024/05/03 15:33:09] [INFO]: [TRAIN] Epoch: 0066 (3/20) / Best Epoch: 0063 / Loss: 15.97921 / Epoch Time: 257.961s / Mean Epoch Time: 258.933s / Elapsed Time: 18624.954s / Max GPU Mem: 11.9180 GiB
[2024/05/03 15:33:33] [INFO]: [VALIDATION] <PERFORMANCE> loss: 17.78 / RMSE: 30.84 / MAE: 18.50 / MAPE: 11.72
[2024/05/03 15:33:33] [INFO]: [VALIDATION_BEST] <PERFORMANCE> loss: 17.60 / RMSE: 30.56 / MAE: 18.32 / MAPE: 11.68
[2024/05/03 15:37:50] [INFO]: [TRAIN] Epoch: 0067 (4/20) / Best Epoch: 0063 / Loss: 15.97031 / Epoch Time: 257.055s / Mean Epoch Time: 258.905s / Elapsed Time: 18905.834s / Max GPU Mem: 11.9180 GiB
[2024/05/03 15:38:13] [INFO]: [VALIDATION] <PERFORMANCE> loss: 17.69 / RMSE: 30.75 / MAE: 18.41 / MAPE: 11.75
[2024/05/03 15:38:13] [INFO]: [VALIDATION_BEST] <PERFORMANCE> loss: 17.60 / RMSE: 30.56 / MAE: 18.32 / MAPE: 11.68
[2024/05/03 15:42:30] [INFO]: [TRAIN] Epoch: 0068 (5/20) / Best Epoch: 0063 / Loss: 15.98256 / Epoch Time: 257.514s / Mean Epoch Time: 258.884s / Elapsed Time: 19186.472s / Max GPU Mem: 11.9180 GiB
[2024/05/03 15:42:54] [INFO]: [VALIDATION] <PERFORMANCE> loss: 17.81 / RMSE: 30.91 / MAE: 18.54 / MAPE: 11.65
[2024/05/03 15:42:54] [INFO]: [VALIDATION_BEST] <PERFORMANCE> loss: 17.60 / RMSE: 30.56 / MAE: 18.32 / MAPE: 11.68
[2024/05/03 15:47:11] [INFO]: [TRAIN] Epoch: 0069 (6/20) / Best Epoch: 0063 / Loss: 15.93216 / Epoch Time: 257.434s / Mean Epoch Time: 258.863s / Elapsed Time: 19466.980s / Max GPU Mem: 11.9180 GiB
[2024/05/03 15:47:35] [INFO]: [VALIDATION] <PERFORMANCE> loss: 17.81 / RMSE: 30.80 / MAE: 18.54 / MAPE: 11.74
[2024/05/03 15:47:35] [INFO]: [VALIDATION_BEST] <PERFORMANCE> loss: 17.60 / RMSE: 30.56 / MAE: 18.32 / MAPE: 11.68
[2024/05/03 15:51:52] [INFO]: [TRAIN] Epoch: 0070 (7/20) / Best Epoch: 0063 / Loss: 15.93841 / Epoch Time: 257.495s / Mean Epoch Time: 258.844s / Elapsed Time: 19748.147s / Max GPU Mem: 11.9180 GiB
[2024/05/03 15:52:16] [INFO]: [VALIDATION] <PERFORMANCE> loss: 17.69 / RMSE: 30.79 / MAE: 18.42 / MAPE: 11.72
[2024/05/03 15:52:16] [INFO]: [VALIDATION_BEST] <PERFORMANCE> loss: 17.60 / RMSE: 30.56 / MAE: 18.32 / MAPE: 11.68
[2024/05/03 15:56:34] [INFO]: [TRAIN] Epoch: 0071 (8/20) / Best Epoch: 0063 / Loss: 15.94621 / Epoch Time: 258.375s / Mean Epoch Time: 258.837s / Elapsed Time: 20030.225s / Max GPU Mem: 11.9180 GiB
[2024/05/03 15:56:58] [INFO]: [VALIDATION] <PERFORMANCE> loss: 17.77 / RMSE: 30.79 / MAE: 18.48 / MAPE: 11.67
[2024/05/03 15:56:58] [INFO]: [VALIDATION_BEST] <PERFORMANCE> loss: 17.60 / RMSE: 30.56 / MAE: 18.32 / MAPE: 11.68
[2024/05/03 16:01:16] [INFO]: [TRAIN] Epoch: 0072 (9/20) / Best Epoch: 0063 / Loss: 15.95462 / Epoch Time: 257.396s / Mean Epoch Time: 258.817s / Elapsed Time: 20311.682s / Max GPU Mem: 11.9180 GiB
[2024/05/03 16:01:39] [INFO]: [VALIDATION] <PERFORMANCE> loss: 17.70 / RMSE: 30.80 / MAE: 18.43 / MAPE: 11.65
[2024/05/03 16:01:39] [INFO]: [VALIDATION_BEST] <PERFORMANCE> loss: 17.60 / RMSE: 30.56 / MAE: 18.32 / MAPE: 11.68
[2024/05/03 16:05:56] [INFO]: [TRAIN] Epoch: 0073 (10/20) / Best Epoch: 0063 / Loss: 15.91848 / Epoch Time: 257.547s / Mean Epoch Time: 258.800s / Elapsed Time: 20592.390s / Max GPU Mem: 11.9180 GiB
[2024/05/03 16:06:19] [INFO]: [VALIDATION] <PERFORMANCE> loss: 17.82 / RMSE: 30.94 / MAE: 18.55 / MAPE: 11.78
[2024/05/03 16:06:19] [INFO]: [VALIDATION_BEST] <PERFORMANCE> loss: 17.60 / RMSE: 30.56 / MAE: 18.32 / MAPE: 11.68
[2024/05/03 16:10:37] [INFO]: [TRAIN] Epoch: 0074 (11/20) / Best Epoch: 0063 / Loss: 15.90806 / Epoch Time: 257.278s / Mean Epoch Time: 258.779s / Elapsed Time: 20872.741s / Max GPU Mem: 11.9180 GiB
[2024/05/03 16:11:00] [INFO]: [VALIDATION] <PERFORMANCE> loss: 17.80 / RMSE: 30.90 / MAE: 18.53 / MAPE: 11.65
[2024/05/03 16:11:00] [INFO]: [VALIDATION_BEST] <PERFORMANCE> loss: 17.60 / RMSE: 30.56 / MAE: 18.32 / MAPE: 11.68
[2024/05/03 16:15:17] [INFO]: [TRAIN] Epoch: 0075 (12/20) / Best Epoch: 0063 / Loss: 15.90321 / Epoch Time: 257.148s / Mean Epoch Time: 258.757s / Elapsed Time: 21153.141s / Max GPU Mem: 11.9180 GiB
[2024/05/03 16:15:40] [INFO]: [VALIDATION] <PERFORMANCE> loss: 17.70 / RMSE: 30.78 / MAE: 18.40 / MAPE: 11.76
[2024/05/03 16:15:40] [INFO]: [VALIDATION_BEST] <PERFORMANCE> loss: 17.60 / RMSE: 30.56 / MAE: 18.32 / MAPE: 11.68
[2024/05/03 16:19:57] [INFO]: [TRAIN] Epoch: 0076 (13/20) / Best Epoch: 0063 / Loss: 15.89321 / Epoch Time: 257.212s / Mean Epoch Time: 258.737s / Elapsed Time: 21433.192s / Max GPU Mem: 11.9180 GiB
[2024/05/03 16:20:21] [INFO]: [VALIDATION] <PERFORMANCE> loss: 17.84 / RMSE: 31.04 / MAE: 18.58 / MAPE: 11.67
[2024/05/03 16:20:21] [INFO]: [VALIDATION_BEST] <PERFORMANCE> loss: 17.60 / RMSE: 30.56 / MAE: 18.32 / MAPE: 11.68
[2024/05/03 16:24:40] [INFO]: [TRAIN] Epoch: 0077 (14/20) / Best Epoch: 0063 / Loss: 15.87839 / Epoch Time: 258.914s / Mean Epoch Time: 258.739s / Elapsed Time: 21715.559s / Max GPU Mem: 11.9180 GiB
[2024/05/03 16:25:03] [INFO]: [VALIDATION] <PERFORMANCE> loss: 17.71 / RMSE: 30.90 / MAE: 18.45 / MAPE: 11.63
[2024/05/03 16:25:03] [INFO]: [VALIDATION_BEST] <PERFORMANCE> loss: 17.60 / RMSE: 30.56 / MAE: 18.32 / MAPE: 11.68
[2024/05/03 16:29:22] [INFO]: [TRAIN] Epoch: 0078 (15/20) / Best Epoch: 0063 / Loss: 15.89074 / Epoch Time: 258.954s / Mean Epoch Time: 258.742s / Elapsed Time: 21997.668s / Max GPU Mem: 11.9180 GiB
[2024/05/03 16:29:45] [INFO]: [VALIDATION] <PERFORMANCE> loss: 17.70 / RMSE: 30.85 / MAE: 18.41 / MAPE: 11.71
[2024/05/03 16:29:45] [INFO]: [VALIDATION_BEST] <PERFORMANCE> loss: 17.60 / RMSE: 30.56 / MAE: 18.32 / MAPE: 11.68
[2024/05/03 16:34:03] [INFO]: [TRAIN] Epoch: 0079 (16/20) / Best Epoch: 0063 / Loss: 15.87107 / Epoch Time: 258.639s / Mean Epoch Time: 258.741s / Elapsed Time: 22279.431s / Max GPU Mem: 11.9180 GiB
[2024/05/03 16:34:27] [INFO]: [VALIDATION] <PERFORMANCE> loss: 17.96 / RMSE: 31.10 / MAE: 18.69 / MAPE: 11.74
[2024/05/03 16:34:27] [INFO]: [VALIDATION_BEST] <PERFORMANCE> loss: 17.60 / RMSE: 30.56 / MAE: 18.32 / MAPE: 11.68
[2024/05/03 16:38:45] [INFO]: [TRAIN] Epoch: 0080 (17/20) / Best Epoch: 0063 / Loss: 15.85291 / Epoch Time: 258.044s / Mean Epoch Time: 258.732s / Elapsed Time: 22560.678s / Max GPU Mem: 11.9180 GiB
[2024/05/03 16:39:08] [INFO]: [VALIDATION] <PERFORMANCE> loss: 17.73 / RMSE: 30.90 / MAE: 18.45 / MAPE: 11.69
[2024/05/03 16:39:08] [INFO]: [VALIDATION_BEST] <PERFORMANCE> loss: 17.60 / RMSE: 30.56 / MAE: 18.32 / MAPE: 11.68
[2024/05/03 16:43:25] [INFO]: [TRAIN] Epoch: 0081 (18/20) / Best Epoch: 0063 / Loss: 15.83069 / Epoch Time: 257.144s / Mean Epoch Time: 258.712s / Elapsed Time: 22841.144s / Max GPU Mem: 11.9180 GiB
[2024/05/03 16:43:48] [INFO]: [VALIDATION] <PERFORMANCE> loss: 17.78 / RMSE: 30.94 / MAE: 18.50 / MAPE: 11.99
[2024/05/03 16:43:48] [INFO]: [VALIDATION_BEST] <PERFORMANCE> loss: 17.60 / RMSE: 30.56 / MAE: 18.32 / MAPE: 11.68
[2024/05/03 16:48:07] [INFO]: [TRAIN] Epoch: 0082 (19/20) / Best Epoch: 0063 / Loss: 15.84609 / Epoch Time: 258.264s / Mean Epoch Time: 258.707s / Elapsed Time: 23122.500s / Max GPU Mem: 11.9180 GiB
[2024/05/03 16:48:30] [INFO]: [VALIDATION] <PERFORMANCE> loss: 17.78 / RMSE: 30.91 / MAE: 18.49 / MAPE: 11.73
[2024/05/03 16:48:30] [INFO]: [VALIDATION_BEST] <PERFORMANCE> loss: 17.60 / RMSE: 30.56 / MAE: 18.32 / MAPE: 11.68
[2024/05/03 16:52:49] [INFO]: [TRAIN] Epoch: 0083 (20/20) / Best Epoch: 0063 / Loss: 15.83060 / Epoch Time: 258.672s / Mean Epoch Time: 258.706s / Elapsed Time: 23404.557s / Max GPU Mem: 11.9180 GiB
[2024/05/03 16:53:12] [INFO]: [VALIDATION] <PERFORMANCE> loss: 17.69 / RMSE: 30.87 / MAE: 18.40 / MAPE: 11.70
[2024/05/03 16:53:12] [INFO]: [VALIDATION_BEST] <PERFORMANCE> loss: 17.60 / RMSE: 30.56 / MAE: 18.32 / MAPE: 11.68
[2024/05/03 16:53:12] [INFO]: [TEST] Early stopping at epoch 83
[2024/05/03 16:53:12] [INFO]: [TEST] Total training time: 23427.6609s
[2024/05/03 16:53:12] [INFO]: [TEST] Restore model from epoch 63
[2024/05/03 16:53:34] [INFO]: [END] <PERFORMANCE> loss: 17.70 / RMSE: 30.11 / MAE: 18.31 / MAPE: 11.86
